123876 867132
124875 874125
127389 891723
1239876 8679132
1249875 8749125
1359462 9516234
1359768 9518376
1367598 9573186
1387695 9713865
12487956 87415692
13254879 92784153
13597482 95182374
123456789 864197523
123678459 865749213
123875649 867129543
124563789 871946523
124789563 873526941
127593468 893154276
127638945 893472615
127648953 893542671
132487695 927413865
132596478 928175346
134526789 941687523
135246879 946728153
135926748 951487236
135947826 951634782
136245978 953721846
136597482 956182374
136758924 957312468
136875249 958126743
137645982 963521874
137689245 963824715
137826459 964785213
138752649 971268543
138795462 971568234
138976452 972835164
